0 info it worked if it ends with ok
1 verbose cli [ 'G:\\Node.js\\node.exe',
1 verbose cli   'G:\\Node.js\\node_modules\\npm\\bin\\npm-cli.js',
1 verbose cli   'start' ]
2 info using npm@3.10.10
3 info using node@v6.11.3
4 verbose run-script [ 'prestart', 'start', 'poststart' ]
5 info lifecycle myapp-demo@0.0.0~prestart: myapp-demo@0.0.0
6 silly lifecycle myapp-demo@0.0.0~prestart: no script for prestart, continuing
7 info lifecycle myapp-demo@0.0.0~start: myapp-demo@0.0.0
8 verbose lifecycle myapp-demo@0.0.0~start: unsafe-perm in lifecycle true
9 verbose lifecycle myapp-demo@0.0.0~start: PATH: G:\Node.js\node_modules\npm\bin\node-gyp-bin;G:\workspace\myApp\myApp-demo\node_modules\.bin;C:\Windows\system32;C:\Windows;C:\Windows\System32\Wbem;C:\Windows\System32\WindowsPowerShell\v1.0\;C:\Program Files (x86)\Windows Kits\8.1\Windows Performance Toolkit\;C:\Program Files\Microsoft SQL Server\110\Tools\Binn\;C:\Program Files (x86)\NVIDIA Corporation\PhysX\Common;G:\Node.js\;G:\Git\Git\cmd;;G:\VScode\Microsoft VS Code\bin;C:\Users\Administrator\AppData\Roaming\npm
10 verbose lifecycle myapp-demo@0.0.0~start: CWD: G:\workspace\myApp\myApp-demo
11 silly lifecycle myapp-demo@0.0.0~start: Args: [ '/d /s /c', 'node ./bin/www' ]
12 silly lifecycle myapp-demo@0.0.0~start: Returned: code: 3221225786  signal: null
13 info lifecycle myapp-demo@0.0.0~start: Failed to exec start script
14 verbose stack Error: myapp-demo@0.0.0 start: `node ./bin/www`
14 verbose stack Exit status 3221225786
14 verbose stack     at EventEmitter.<anonymous> (G:\Node.js\node_modules\npm\lib\utils\lifecycle.js:255:16)
14 verbose stack     at emitTwo (events.js:106:13)
14 verbose stack     at EventEmitter.emit (events.js:191:7)
14 verbose stack     at ChildProcess.<anonymous> (G:\Node.js\node_modules\npm\lib\utils\spawn.js:40:14)
14 verbose stack     at emitTwo (events.js:106:13)
14 verbose stack     at ChildProcess.emit (events.js:191:7)
14 verbose stack     at maybeClose (internal/child_process.js:920:16)
14 verbose stack     at Process.ChildProcess._handle.onexit (internal/child_process.js:230:5)
15 verbose pkgid myapp-demo@0.0.0
16 verbose cwd G:\workspace\myApp\myApp-demo
17 error Windows_NT 6.1.7601
18 error argv "G:\\Node.js\\node.exe" "G:\\Node.js\\node_modules\\npm\\bin\\npm-cli.js" "start"
19 error node v6.11.3
20 error npm  v3.10.10
21 error code ELIFECYCLE
22 error myapp-demo@0.0.0 start: `node ./bin/www`
22 error Exit status 3221225786
23 error Failed at the myapp-demo@0.0.0 start script 'node ./bin/www'.
23 error Make sure you have the latest version of node.js and npm installed.
23 error If you do, this is most likely a problem with the myapp-demo package,
23 error not with npm itself.
23 error Tell the author that this fails on your system:
23 error     node ./bin/www
23 error You can get information on how to open an issue for this project with:
23 error     npm bugs myapp-demo
23 error Or if that isn't available, you can get their info via:
23 error     npm owner ls myapp-demo
23 error There is likely additional logging output above.
24 verbose exit [ 1, true ]
